<?xml version="1.0" encoding="UTF-8"?>
<!-- Generated by org.testng.reporters.JUnitXMLReporter -->
<testsuite ignored="0" hostname="VL-HCM-LAP-MACVG3QC.local" failures="0" tests="18" name="Run On Chrome" time="107.971" errors="0" timestamp="26 Mar 2023 18:40:52 GMT">
  <testcase classname="com.vnexpress.Test_Authentication" name="TC_01_VerifyEmailInvalid" time="1.891"/>
  <testcase classname="com.vnexpress.Test_Authentication" name="TC_02_VerifyDisplayPleaseInputPasswordErrText" time="3.447"/>
  <testcase classname="com.vnexpress.Test_Authentication" name="TC_03_VerifyPasswordLessThanSixChars" time="3.221"/>
  <testcase classname="com.vnexpress.Test_Authentication" name="TC_04_VerifyPasswordMuchMoreThanFifteenChars" time="3.191"/>
  <testcase classname="com.vnexpress.Test_Authentication" name="TC_05_verifyEmailValid" time="4.268"/>
  <testcase classname="com.vnexpress.Test_Navigation" name="TC_01_NavigateToZing" time="3.682"/>
  <testcase classname="com.vnexpress.Test_Navigation" name="TC_02_BackToVnExpress" time="5.438"/>
  <testcase classname="com.vnexpress.Test_Navigation" name="TC_03_RefreshVnExpressUrl" time="7.437"/>
  <testcase classname="com.vnexpress.Test_Navigation" name="TC_04_ForwardToZing" time="1.93"/>
  <testcase classname="com.vnexpress.Test_Navigation" name="TC_05_NavigateToTheGioiPageByClickMenu" time="7.145"/>
  <testcase classname="com.vnexpress.Test_Navigation" name="TC_06_NavigateToPhanTichPageByHoverMenuAndClickSubMenu" time="8.439"/>
  <testcase classname="com.vnexpress.Test_Navigation" name="TC_07_SwitchFromVnExpressToMailTab" time="5.685"/>
  <testcase classname="com.vnexpress.Test_Navigation" name="TC_08_SwitchFromVnExpressToFacebookWindow" time="2.938"/>
  <testcase classname="com.vnexpress.Check_Article_Content" name="TC_01_Verify_Item_Header_Display" time="0.603"/>
  <testcase classname="com.vnexpress.Check_Article_Content" name="TC_02_Verify_Navigation_Bar_Item_Display" time="1.174"/>
  <testcase classname="com.vnexpress.Check_Article_Content" name="TC_03_Verify_Section_Page_Detail_Display" time="1.177"/>
  <testcase classname="com.vnexpress.Check_Article_Content" name="TC_04_Verify_Social_Left_Item_Display" time="0.321"/>
  <testcase classname="com.vnexpress.Check_Article_Content" name="TC_05_Verify_Footer_Content_Item_Display" time="0.243"/>
</testsuite> <!-- Run On Chrome -->
