<?xml version="1.0" encoding="UTF-8"?>
<!-- Generated by org.testng.reporters.JUnitXMLReporter -->
<testsuite ignored="0" hostname="VL-HCM-LAP-MACVG3QC.local" failures="0" tests="18" name="Run On Chrome" time="119.713" errors="0" timestamp="26 Mar 2023 19:56:54 GMT">
  <testcase classname="com.vnexpress.Test_Authentication" name="TC_01_VerifyEmailInvalid" time="2.104"/>
  <testcase classname="com.vnexpress.Test_Authentication" name="TC_02_VerifyDisplayPleaseInputPasswordErrText" time="3.488"/>
  <testcase classname="com.vnexpress.Test_Authentication" name="TC_03_VerifyPasswordLessThanSixChars" time="3.188"/>
  <testcase classname="com.vnexpress.Test_Authentication" name="TC_04_VerifyPasswordMuchMoreThanFifteenChars" time="3.252"/>
  <testcase classname="com.vnexpress.Test_Authentication" name="TC_05_verifyEmailValid" time="4.113"/>
  <testcase classname="com.vnexpress.Test_Navigation" name="TC_01_NavigateToZing" time="4.715"/>
  <testcase classname="com.vnexpress.Test_Navigation" name="TC_02_BackToVnExpress" time="5.578"/>
  <testcase classname="com.vnexpress.Test_Navigation" name="TC_03_RefreshVnExpressUrl" time="2.929"/>
  <testcase classname="com.vnexpress.Test_Navigation" name="TC_04_ForwardToZing" time="2.335"/>
  <testcase classname="com.vnexpress.Test_Navigation" name="TC_05_NavigateToTheGioiPageByClickMenu" time="9.796"/>
  <testcase classname="com.vnexpress.Test_Navigation" name="TC_06_NavigateToPhanTichPageByHoverMenuAndClickSubMenu" time="7.914"/>
  <testcase classname="com.vnexpress.Test_Navigation" name="TC_07_SwitchFromVnExpressToMailTab" time="6.78"/>
  <testcase classname="com.vnexpress.Test_Navigation" name="TC_08_SwitchFromVnExpressToFacebookWindow" time="3.404"/>
  <testcase classname="com.vnexpress.Check_Article_Content" name="TC_01_Verify_Item_Header_Display" time="0.84"/>
  <testcase classname="com.vnexpress.Check_Article_Content" name="TC_02_Verify_Navigation_Bar_Item_Display" time="1.35"/>
  <testcase classname="com.vnexpress.Check_Article_Content" name="TC_03_Verify_Section_Page_Detail_Display" time="1.776"/>
  <testcase classname="com.vnexpress.Check_Article_Content" name="TC_04_Verify_Social_Left_Item_Display" time="0.408"/>
  <testcase classname="com.vnexpress.Check_Article_Content" name="TC_05_Verify_Footer_Content_Item_Display" time="0.347"/>
</testsuite> <!-- Run On Chrome -->
